方案1:1 5 8 6 3 7 2 4 
方案2:1 6 8 3 7 4 2 5 
方案3:1 7 4 6 8 2 5 3 
方案4:1 7 5 8 2 4 6 3 
方案5:2 4 6 8 3 1 7 5 
方案6:2 5 7 1 3 8 6 4 
方案7:2 5 7 4 1 8 6 3 
方案8:2 6 1 7 4 8 3 5 
方案9:2 6 8 3 1 4 7 5 
方案10:2 7 3 6 8 5 1 4 
方案11:2 7 5 8 1 4 6 3 
方案12:2 8 6 1 3 5 7 4 
方案13:3 1 7 5 8 2 4 6 
方案14:3 5 2 8 1 7 4 6 
方案15:3 5 2 8 6 4 7 1 
方案16:3 5 7 1 4 2 8 6 
方案17:3 5 8 4 1 7 2 6 
方案18:3 6 2 5 8 1 7 4 
方案19:3 6 2 7 1 4 8 5 
方案20:3 6 2 7 5 1 8 4 
方案21:3 6 4 1 8 5 7 2 
方案22:3 6 4 2 8 5 7 1 
方案23:3 6 8 1 4 7 5 2 
方案24:3 6 8 1 5 7 2 4 
方案25:3 6 8 2 4 1 7 5 
方案26:3 7 2 8 5 1 4 6 
方案27:3 7 2 8 6 4 1 5 
方案28:3 8 4 7 1 6 2 5 
方案29:4 1 5 8 2 7 3 6 
方案30:4 1 5 8 6 3 7 2 
方案31:4 2 5 8 6 1 3 7 
方案32:4 2 7 3 6 8 1 5 
方案33:4 2 7 3 6 8 5 1 
方案34:4 2 7 5 1 8 6 3 
方案35:4 2 8 5 7 1 3 6 
方案36:4 2 8 6 1 3 5 7 
方案37:4 6 1 5 2 8 3 7 
方案38:4 6 8 2 7 1 3 5 
方案39:4 6 8 3 1 7 5 2 
方案40:4 7 1 8 5 2 6 3 
方案41:4 7 3 8 2 5 1 6 
方案42:4 7 5 2 6 1 3 8 
方案43:4 7 5 3 1 6 8 2 
方案44:4 8 1 3 6 2 7 5 
方案45:4 8 1 5 7 2 6 3 
方案46:4 8 5 3 1 7 2 6 
方案47:5 1 4 6 8 2 7 3 
方案48:5 1 8 4 2 7 3 6 
方案49:5 1 8 6 3 7 2 4 
方案50:5 2 4 6 8 3 1 7 
方案51:5 2 4 7 3 8 6 1 
方案52:5 2 6 1 7 4 8 3 
方案53:5 2 8 1 4 7 3 6 
方案54:5 3 1 6 8 2 4 7 
方案55:5 3 1 7 2 8 6 4 
方案56:5 3 8 4 7 1 6 2 
方案57:5 7 1 3 8 6 4 2 
方案58:5 7 1 4 2 8 6 3 
方案59:5 7 2 4 8 1 3 6 
方案60:5 7 2 6 3 1 4 8 
方案61:5 7 2 6 3 1 8 4 
方案62:5 7 4 1 3 8 6 2 
方案63:5 8 4 1 3 6 2 7 
方案64:5 8 4 1 7 2 6 3 
方案65:6 1 5 2 8 3 7 4 
方案66:6 2 7 1 3 5 8 4 
方案67:6 2 7 1 4 8 5 3 
方案68:6 3 1 7 5 8 2 4 
方案69:6 3 1 8 4 2 7 5 
方案70:6 3 1 8 5 2 4 7 
方案71:6 3 5 7 1 4 2 8 
方案72:6 3 5 8 1 4 2 7 
方案73:6 3 7 2 4 8 1 5 
方案74:6 3 7 2 8 5 1 4 
方案75:6 3 7 4 1 8 2 5 
方案76:6 4 1 5 8 2 7 3 
方案77:6 4 2 8 5 7 1 3 
方案78:6 4 7 1 3 5 2 8 
方案79:6 4 7 1 8 2 5 3 
方案80:6 8 2 4 1 7 5 3 
方案81:7 1 3 8 6 4 2 5 
方案82:7 2 4 1 8 5 3 6 
方案83:7 2 6 3 1 4 8 5 
方案84:7 3 1 6 8 5 2 4 
方案85:7 3 8 2 5 1 6 4 
方案86:7 4 2 5 8 1 3 6 
方案87:7 4 2 8 6 1 3 5 
方案88:7 5 3 1 6 8 2 4 
方案89:8 2 4 1 7 5 3 6 
方案90:8 2 5 3 1 7 4 6 
方案91:8 3 1 6 2 5 7 4 
方案92:8 4 1 3 6 2 7 5 
